17:20:42.222  info: -- Stats bot v1.0.0 --

17:20:42.246  info: --> Loading configuration...
17:20:42.248  info: --> Connecting to the database...
17:20:42.707 debug:   - Creating collection 'users'
17:20:42.711 debug:   - Creating collection 'guilds'
17:20:42.714  info: --> Connected to the database
17:20:42.714  info: --> Connecting to Discord servers...
17:20:45.330  info: --> Ready ! Stats bot is running on 1 Discord servers

17:22:29.061  info: -- Stats bot v1.0.0 --

17:22:29.083  info: --> Loading configuration...
17:22:29.085  info: --> Connecting to the database...
17:22:29.117  info: --> Connected to the database
17:22:29.118  info: --> Connecting to Discord servers...
17:22:29.995  info: --> Ready ! Stats bot is running on 1 Discord servers

17:22:37.683  info: Fetching guild 'Salon des développeurs' (186941943941562369)...
17:22:42.689  info: Successfully fetched guild 'Salon des développeurs' (186941943941562369)...
17:27:48.847  info: -- Stats bot v1.0.0 --

17:27:48.872  info: --> Loading configuration...
17:27:48.874  info: --> Connecting to the database...
17:27:48.906  info: --> Connected to the database
17:27:48.907  info: --> Connecting to Discord servers...
17:27:50.044  info: --> Ready ! Stats bot is running on 1 Discord servers

17:28:17.978  info: -- Stats bot v1.0.0 --

17:28:18.005  info: --> Loading configuration...
17:28:18.007  info: --> Connecting to the database...
17:28:18.059  info: --> Connected to the database
17:28:18.059  info: --> Connecting to Discord servers...
17:28:18.971  info: --> Ready ! Stats bot is running on 1 Discord servers

17:28:28.267  info: Fetching guild 'Salon des développeurs' (186941943941562369)...
17:28:33.272  info: Successfully fetched guild 'Salon des développeurs' (186941943941562369)...
17:29:19.830  info: -- Stats bot v1.0.0 --

17:29:19.861  info: --> Loading configuration...
17:29:19.868  info: --> Connecting to the database...
17:29:19.938  info: --> Connected to the database
17:29:19.939  info: --> Connecting to Discord servers...
17:29:20.927  info: --> Ready ! Stats bot is running on 1 Discord servers

17:29:27.342  info: Fetching guild 'Salon des développeurs' (186941943941562369)...
17:29:32.348  info: Successfully fetched guild 'Salon des développeurs' (186941943941562369)...
19:02:37.013  info: -- Stats bot v1.0.0 --

19:02:37.035  info: --> Loading configuration...
19:02:37.036  info: --> Connecting to the database...
19:02:37.064  info: --> Connected to the database
19:02:37.064  info: --> Connecting to Discord servers...
19:02:38.007  info: --> Ready ! Stats bot is running on 1 Discord servers

19:03:01.451  info: Fetching guild 'Salon des développeurs' (186941943941562369)...
19:03:01.454 error: Exception during linking !
19:03:28.872  info: -- Stats bot v1.0.0 --

19:03:28.901  info: --> Loading configuration...
19:03:28.902  info: --> Connecting to the database...
19:03:28.979  info: --> Connected to the database
19:03:28.986  info: --> Connecting to Discord servers...
19:03:30.531  info: --> Ready ! Stats bot is running on 1 Discord servers

19:04:46.873  info: -- Stats bot v1.0.0 --

19:04:46.903  info: --> Loading configuration...
19:04:46.904  info: --> Connecting to the database...
19:04:46.955  info: --> Connected to the database
19:04:46.956  info: --> Connecting to Discord servers...
19:04:47.912  info: --> Ready ! Stats bot is running on 1 Discord servers

19:04:54.513  info: Fetching guild 'Salon des développeurs' (186941943941562369)...
19:05:26.401  info: -- Stats bot v1.0.0 --

19:05:26.424  info: --> Loading configuration...
19:05:26.425  info: --> Connecting to the database...
19:05:26.479  info: --> Connected to the database
19:05:26.480  info: --> Connecting to Discord servers...
19:05:27.381  info: --> Ready ! Stats bot is running on 1 Discord servers

19:05:35.577  info: Fetching guild 'Salon des développeurs' (186941943941562369)...
19:07:39.326  info: -- Stats bot v1.0.0 --

19:07:39.354  info: --> Loading configuration...
19:07:39.356  info: --> Connecting to the database...
19:07:39.397  info: --> Connected to the database
19:07:39.398  info: --> Connecting to Discord servers...
19:07:41.762  info: --> Ready ! Stats bot is running on 1 Discord servers

19:08:44.899  info: -- Stats bot v1.0.0 --

19:08:44.924  info: --> Loading configuration...
19:08:44.926  info: --> Connecting to the database...
19:08:44.970  info: --> Connected to the database
19:08:44.971  info: --> Connecting to Discord servers...
19:08:46.203  info: --> Ready ! Stats bot is running on 1 Discord servers

19:08:51.933  info: Fetching guild 'Salon des développeurs' (186941943941562369)...
19:09:12.307  info: -- Stats bot v1.0.0 --

19:09:12.337  info: --> Loading configuration...
19:09:12.340  info: --> Connecting to the database...
19:09:12.383  info: --> Connected to the database
19:09:12.383  info: --> Connecting to Discord servers...
19:09:13.363  info: --> Ready ! Stats bot is running on 1 Discord servers

19:09:16.804  info: Fetching guild 'Salon des développeurs' (186941943941562369)...
19:22:41.062  info: -- Stats bot v1.0.0 --

19:22:41.086  info: --> Loading configuration...
19:22:41.087  info: --> Connecting to the database...
19:22:41.119  info: --> Connected to the database
19:22:41.119  info: --> Connecting to Discord servers...
19:22:42.035  info: --> Ready ! Stats bot is running on 1 Discord servers

19:22:50.778  info: Fetching guild 'Salon des développeurs' (186941943941562369)...
19:33:57.026  info: -- Stats bot v1.0.0 --

19:33:57.050  info: --> Loading configuration...
19:33:57.051  info: --> Connecting to the database...
19:33:57.083  info: --> Connected to the database
19:33:57.083  info: --> Connecting to Discord servers...
19:33:57.987  info: --> Ready ! Stats bot is running on 1 Discord servers

19:34:46.019  info: Fetching guild 'Salon des développeurs' (186941943941562369)...
